<?xml version="1.0" encoding="UTF-8"?>
<!-- Generated by org.testng.reporters.JUnitReportReporter -->
<testsuite hostname="Prinu" failures="0" tests="1" name="com.geminisols.countries_test_automation.TC03" time="0.077" errors="0" timestamp="2020-07-19T01:01:25 IST" skipped="0">
  <testcase classname="com.geminisols.countries_test_automation.TC03" name="validateAllMissingCountryInDB" time="0.077"/>
  <system-out/>
</testsuite> <!-- com.geminisols.countries_test_automation.TC03 -->
